<?xml version="1.0" encoding="UTF-8"?>
<testng-results skipped="0" failed="0" ignored="0" total="1" passed="1">
  <reporter-output>
  </reporter-output>
  <suite name="Default suite" duration-ms="113441" started-at="2017-09-01T21:15:29Z" finished-at="2017-09-01T21:17:23Z">
    <groups>
    </groups>
    <test name="Default test" duration-ms="113441" started-at="2017-09-01T21:15:29Z" finished-at="2017-09-01T21:17:23Z">
      <class name="jenkins_package.Testjenkins">
        <test-method status="PASS" signature="OpenPage()[pri:0, instance:jenkins_package.Testjenkins@4c70fda8]" name="OpenPage" is-config="true" duration-ms="52126" started-at="2017-09-01T17:15:29Z" finished-at="2017-09-01T17:16:21Z">
          <reporter-output>
          </reporter-output>
        </test-method> <!-- OpenPage -->
        <test-method status="PASS" signature="testAddition()[pri:0, instance:jenkins_package.Testjenkins@4c70fda8]" name="testAddition" duration-ms="46500" started-at="2017-09-01T17:16:22Z" finished-at="2017-09-01T17:17:08Z">
          <reporter-output>
          </reporter-output>
        </test-method> <!-- testAddition -->
        <test-method status="PASS" signature="verifytitle()[pri:0, instance:jenkins_package.Testjenkins@4c70fda8]" name="verifytitle" is-config="true" duration-ms="14685" started-at="2017-09-01T17:17:08Z" finished-at="2017-09-01T17:17:23Z">
          <reporter-output>
          </reporter-output>
        </test-method> <!-- verifytitle -->
      </class> <!-- jenkins_package.Testjenkins -->
    </test> <!-- Default test -->
  </suite> <!-- Default suite -->
</testng-results>
